build/outputs/logs/manifest-merger-release-report.txt
-- Merging decision tree log ---
manifest
ADDED from icons\final code\AndroidManifest.xml:2:1-33:12
	xmlns:android
		ADDED from icons\final code\AndroidManifest.xml:2:11-69
	package
		ADDED from icons\final code\AndroidManifest.xml:3:5-27
	android:versionName
		ADDED from icons\final code\AndroidManifest.xml:5:5-30
		INJECTED from icons\final code\AndroidManifest.xml
		INJECTED from icons\final code\AndroidManifest.xml
	android:versionCode
		ADDED from icons\final code\AndroidManifest.xml:4:5-28
		INJECTED from icons\final code\AndroidManifest.xml
		INJECTED from icons\final code\AndroidManifest.xml
uses-permission#android.permission.INTERNET
ADDED from icons\final code\AndroidManifest.xml:6:5-67
	android:name
		ADDED from icons\final code\AndroidManifest.xml:6:22-64
uses-permission#android.permission.USE_CREDENTIALS
ADDED from icons\final code\AndroidManifest.xml:7:5-73
	android:name
		ADDED from icons\final code\AndroidManifest.xml:7:22-71
uses-sdk
ADDED from icons\final code\AndroidManifest.xml:8:5-10:41
	android:targetSdkVersion
		ADDED from icons\final code\AndroidManifest.xml:10:9-38
		INJECTED from icons\final code\AndroidManifest.xml
		INJECTED from icons\final code\AndroidManifest.xml
	android:minSdkVersion
		ADDED from icons\final code\AndroidManifest.xml:9:9-35
		INJECTED from icons\final code\AndroidManifest.xml
		INJECTED from icons\final code\AndroidManifest.xml
application
ADDED from icons\final code\AndroidManifest.xml:12:5-31:19
	android:label
		ADDED from icons\final code\AndroidManifest.xml:15:9-41
	android:allowBackup
		ADDED from icons\final code\AndroidManifest.xml:13:9-35
	android:icon
		ADDED from icons\final code\AndroidManifest.xml:14:9-43
	android:theme
		ADDED from icons\final code\AndroidManifest.xml:16:9-40
activity#info.FlixBusDemo.SplashScreen
ADDED from icons\final code\AndroidManifest.xml:17:9-25:20
	android:label
		ADDED from icons\final code\AndroidManifest.xml:19:13-45
	android:name
		ADDED from icons\final code\AndroidManifest.xml:18:13-57
intent-filter#android.intent.action.MAIN+android.intent.category.LAUNCHER
ADDED from icons\final code\AndroidManifest.xml:20:13-24:29
action#android.intent.action.MAIN
ADDED from icons\final code\AndroidManifest.xml:21:17-69
	android:name
		ADDED from icons\final code\AndroidManifest.xml:21:25-66
category#android.intent.category.LAUNCHER
ADDED from icons\final code\AndroidManifest.xml:23:17-77
	android:name
		ADDED from icons\final code\AndroidManifest.xml:23:27-74
activity#info.FlixBusDemo.MainActivity
ADDED from icons\final code\AndroidManifest.xml:27:9-30:20
	android:label
		ADDED from icons\final code\AndroidManifest.xml:29:13-45
	android:name
		ADDED from icons\final code\AndroidManifest.xml:28:13-57